1624521826703:help
1624521829114:exit
1624521922476:help
1624521930748:af
1624521937949:ai
1624521945507:af
1624521948212:exit
1624522316259:af
1624522317837:ai
1624522323158:af
1624522329578:help
1624523147326:exit
1624524320894:help
1624524331080:bi
1624524353133:bf
1624524412499:af
1624524415306:ai
1624524422192:gf
1624524427071:exit
1624529986556:gf
1624532924994:ai
1624532930327:exit
1624533078030:af
1624533079667:ai
1624533089038:af
1624533094221:ad
1624533097918:af
1624533099148:exit
1624535278332:gf
1624535279622:ag
1624535280837:af
1624535283223:ai
1624535287177:exit
1624535335155:af
1624535337338:ai
1624535732477:af
1624535734681:hello
1624535737682:ai
1624535943317:af
1624535950734:help
1624535958297:af
1624537365546:exit
1624537391356:fg
1624537392970:gf
1624537394624:af
1624537431938:exit
